TN:
SF:/home/euxaristia/Projects/meowsh/src/lineedit.rs
FNF:0
DA:105,0
DA:106,0
DA:108,0
LF:3
LH:0
end_of_record
TN:
SF:/home/euxaristia/Projects/meowsh/src/parser.rs
FN:9,Parser<'a>::new
FN:13,Parser<'a>::parse
FN:17,Parser<'a>::parse_command_list
FN:70,Parser<'a>::is_reserved_end
FN:77,Parser<'a>::peek_token
FN:81,Parser<'a>::parse_command
FN:123,Parser<'a>::parse_simple_command
FN:225,Parser<'a>::is_terminator
FN:240,Parser<'a>::is_redirection
FN:255,Parser<'a>::parse_if
FN:283,Parser<'a>::parse_while
FN:296,Parser<'a>::parse_for
FN:329,Parser<'a>::parse_case
FN:376,Parser<'a>::parse_function
FN:388,Parser<'a>::skip_newlines
FN:398,Parser<'a>::expect_token_type
FN:402,Parser<'a>::expect_value
FNF:17
FNDA:0,Parser<'a>::new
FNDA:0,Parser<'a>::parse
FNDA:0,Parser<'a>::parse_command_list
FNDA:0,Parser<'a>::is_reserved_end
FNDA:0,Parser<'a>::peek_token
FNDA:0,Parser<'a>::parse_command
FNDA:0,Parser<'a>::parse_simple_command
FNDA:0,Parser<'a>::is_terminator
FNDA:0,Parser<'a>::is_redirection
FNDA:0,Parser<'a>::parse_if
FNDA:0,Parser<'a>::parse_while
FNDA:0,Parser<'a>::parse_for
FNDA:0,Parser<'a>::parse_case
FNDA:0,Parser<'a>::parse_function
FNDA:0,Parser<'a>::skip_newlines
FNDA:0,Parser<'a>::expect_token_type
FNDA:0,Parser<'a>::expect_value
DA:9,0
DA:13,0
DA:14,0
DA:17,0
DA:18,0
DA:20,0
DA:21,0
DA:22,0
DA:23,0
DA:24,0
DA:26,0
DA:28,0
DA:29,0
DA:32,0
DA:33,0
DA:36,0
DA:37,0
DA:38,0
DA:39,0
DA:41,0
DA:42,0
DA:43,0
DA:44,0
DA:47,0
DA:48,0
DA:49,0
DA:50,0
DA:53,0
DA:57,0
DA:58,0
DA:60,0
DA:61,0
DA:64,0
DA:65,0
DA:66,0
DA:67,0
DA:70,0
DA:71,0
DA:72,0
DA:77,0
DA:78,0
DA:81,0
DA:82,0
DA:84,0
DA:85,0
DA:86,0
DA:88,0
DA:91,0
DA:92,0
DA:93,0
DA:94,0
DA:95,0
DA:96,0
DA:97,0
DA:98,0
DA:99,0
DA:100,0
DA:101,0
DA:102,0
DA:104,0
DA:105,0
DA:106,0
DA:107,0
DA:108,0
DA:109,0
DA:110,0
DA:112,0
DA:113,0
DA:114,0
DA:115,0
DA:116,0
DA:118,0
DA:119,0
DA:123,0
DA:124,0
DA:126,0
DA:127,0
DA:128,0
DA:129,0
DA:132,0
DA:133,0
DA:134,0
DA:135,0
DA:138,0
DA:139,0
DA:140,0
DA:141,0
DA:142,0
DA:144,0
DA:147,0
DA:149,0
DA:150,0
DA:152,0
DA:155,0
DA:156,0
DA:159,0
DA:160,0
DA:163,0
DA:164,0
DA:165,0
DA:166,0
DA:168,0
DA:169,0
DA:170,0
DA:171,0
DA:173,0
DA:174,0
DA:176,0
DA:177,0
DA:178,0
DA:182,0
DA:183,0
DA:184,0
DA:185,0
DA:188,0
DA:191,0
DA:192,0
DA:193,0
DA:194,0
DA:195,0
DA:196,0
DA:197,0
DA:198,0
DA:201,0
DA:202,0
DA:203,0
DA:204,0
DA:205,0
DA:206,0
DA:207,0
DA:208,0
DA:211,0
DA:212,0
DA:213,0
DA:214,0
DA:215,0
DA:216,0
DA:217,0
DA:218,0
DA:222,0
DA:225,0
DA:226,0
DA:227,0
DA:228,0
DA:229,0
DA:230,0
DA:231,0
DA:232,0
DA:233,0
DA:234,0
DA:235,0
DA:236,0
DA:240,0
DA:241,0
DA:242,0
DA:243,0
DA:244,0
DA:245,0
DA:246,0
DA:247,0
DA:248,0
DA:249,0
DA:250,0
DA:251,0
DA:255,0
DA:257,0
DA:259,0
DA:260,0
DA:262,0
DA:263,0
DA:264,0
DA:265,0
DA:266,0
DA:267,0
DA:269,0
DA:270,0
DA:274,0
DA:276,0
DA:277,0
DA:278,0
DA:279,0
DA:280,0
DA:283,0
DA:284,0
DA:285,0
DA:286,0
DA:287,0
DA:288,0
DA:290,0
DA:291,0
DA:292,0
DA:293,0
DA:296,0
DA:298,0
DA:300,0
DA:302,0
DA:303,0
DA:304,0
DA:305,0
DA:306,0
DA:307,0
DA:309,0
DA:311,0
DA:314,0
DA:315,0
DA:318,0
DA:319,0
DA:320,0
DA:322,0
DA:323,0
DA:324,0
DA:325,0
DA:326,0
DA:329,0
DA:331,0
DA:333,0
DA:334,0
DA:335,0
DA:337,0
DA:338,0
DA:339,0
DA:341,0
DA:342,0
DA:343,0
DA:344,0
DA:347,0
DA:348,0
DA:349,0
DA:352,0
DA:353,0
DA:356,0
DA:357,0
DA:359,0
DA:360,0
DA:361,0
DA:362,0
DA:365,0
DA:366,0
DA:367,0
DA:369,0
DA:372,0
DA:373,0
DA:376,0
DA:378,0
DA:380,0
DA:382,0
DA:383,0
DA:384,0
DA:385,0
DA:388,0
DA:389,0
DA:390,0
DA:391,0
DA:392,0
DA:394,0
DA:398,0
DA:399,0
DA:402,0
DA:403,0
DA:404,0
LF:260
LH:0
end_of_record
